2025-10-30 12:33:34,741 - INFO - Starting Enhanced Bing Granuloma Histopathology Image Scraper with Pathology Synonyms
2025-10-30 12:33:34,742 - INFO - Created backup: /workspaces/Didactic_Series/bing_granuloma_scraper_2025-10-30_backup.py
2025-10-30 12:33:34,742 - INFO - Processing disease: sarcoidosis
2025-10-30 12:33:34,743 - INFO - Using 12 expanded queries for sarcoidosis
2025-10-30 12:33:34,743 - INFO - Searching for: sarcoidosis noncaseating granulomas lung biopsy H&E
2025-10-30 12:33:53,076 - INFO - Found 100 potential images for query: sarcoidosis noncaseating granulomas lung biopsy H&E
2025-10-30 12:33:53,471 - INFO - Downloaded: sarcoidosis_granulomas_01.jpg
2025-10-30 12:33:56,028 - INFO - Downloaded: sarcoidosis_sarcoidosis_02.jpg
2025-10-30 12:33:58,603 - INFO - Downloaded: sarcoidosis_sarcoidosis_03.jpg
2025-10-30 12:34:00,774 - INFO - Downloaded: sarcoidosis_sarcoidosis_04.jpg
2025-10-30 12:34:02,810 - INFO - Downloaded: sarcoidosis_sarcoidosis_05.jpg
2025-10-30 12:34:05,008 - INFO - Downloaded: sarcoidosis_sarcoidosis_06.jpg
2025-10-30 12:34:07,075 - INFO - Downloaded: sarcoidosis_sarcoidosis_07.jpg
2025-10-30 12:34:09,414 - INFO - Downloaded: sarcoidosis_sarcoidosis_08.jpg
2025-10-30 12:34:11,790 - INFO - Downloaded: sarcoidosis_sarcoidosis_09.jpg
2025-10-30 12:34:14,543 - INFO - Downloaded: sarcoidosis_sarcoidosis_10.jpg
2025-10-30 12:34:20,272 - INFO - Downloaded: sarcoidosis_sarcoidosis_11.jpg
2025-10-30 12:34:22,525 - INFO - Downloaded: sarcoidosis_sarcoidosis_12.jpg
2025-10-30 12:34:24,815 - INFO - Downloaded: sarcoidosis_sarcoidosis_13.jpg
2025-10-30 12:34:26,499 - INFO - Downloaded: sarcoidosis_sarcoidosis_14.jpg
2025-10-30 12:34:31,700 - INFO - Downloaded: sarcoidosis_sarcoidosis_16.jpg
2025-10-30 12:34:34,260 - INFO - Downloaded: sarcoidosis_sarcoidosis_17.jpg
2025-10-30 12:34:36,325 - INFO - Downloaded: sarcoidosis_sarcoidosis_18.jpg
2025-10-30 12:34:38,567 - INFO - Downloaded: sarcoidosis_sarcoidosis_19.jpg
2025-10-30 12:34:40,676 - INFO - Downloaded: sarcoidosis_sarcoidosis_20.jpg
2025-10-30 12:34:43,608 - INFO - Downloaded: sarcoidosis_sarcoidosis_21.jpg
2025-10-30 12:34:45,872 - INFO - Downloaded: sarcoidosis_sarcoidosis_22.jpg
2025-10-30 12:34:47,971 - INFO - Downloaded: sarcoidosis_sarcoidosis_23.jpg
2025-10-30 12:34:50,795 - INFO - Downloaded: sarcoidosis_sarcoidosis_24.jpg
2025-10-30 12:34:52,720 - INFO - Downloaded: sarcoidosis_sarcoidosis_25.jpg
2025-10-30 12:34:54,895 - INFO - Downloaded: sarcoidosis_sarcoidosis_26.jpg
2025-10-30 12:34:56,871 - INFO - Downloaded: sarcoidosis_sarcoidosis_27.jpg
2025-10-30 12:34:59,642 - WARNING - Retry 1/3 for https://www.mdpi.com/biomedicines/biomedicines-10-02525/article_deploy/html/images/biomedicines-10-02525-g003.png: 403 Client Error: Forbidden for url: https://www.mdpi.com/biomedicines/biomedicines-10-02525/article_deploy/html/images/biomedicines-10-02525-g003.png
2025-10-30 12:35:04,356 - WARNING - Retry 2/3 for https://www.mdpi.com/biomedicines/biomedicines-10-02525/article_deploy/html/images/biomedicines-10-02525-g003.png: 403 Client Error: Forbidden for url: https://www.mdpi.com/biomedicines/biomedicines-10-02525/article_deploy/html/images/biomedicines-10-02525-g003.png
2025-10-30 12:35:09,793 - ERROR - Failed to download https://www.mdpi.com/biomedicines/biomedicines-10-02525/article_deploy/html/images/biomedicines-10-02525-g003.png after 3 attempts: 403 Client Error: Forbidden for url: https://www.mdpi.com/biomedicines/biomedicines-10-02525/article_deploy/html/images/biomedicines-10-02525-g003.png
2025-10-30 12:35:11,919 - INFO - Downloaded: sarcoidosis_sarcoidosis_29.jpg
2025-10-30 12:35:14,026 - INFO - Downloaded: sarcoidosis_sarcoidosis_30.jpg
2025-10-30 12:35:15,917 - INFO - Downloaded: sarcoidosis_sarcoidosis_31.jpg
2025-10-30 12:35:17,649 - INFO - Downloaded: sarcoidosis_sarcoidosis_32.jpg
2025-10-30 12:35:19,423 - INFO - Downloaded: sarcoidosis_sarcoidosis_33.jpg
2025-10-30 12:35:21,893 - INFO - Downloaded: sarcoidosis_sarcoidosis_34.jpg
2025-10-30 12:35:26,486 - WARNING - Retry 1/3 for https://www.mdpi.com/biomedicines/biomedicines-10-02525/article_deploy/html/images/biomedicines-10-02525-g003.png: 403 Client Error: Forbidden for url: https://www.mdpi.com/biomedicines/biomedicines-10-02525/article_deploy/html/images/biomedicines-10-02525-g003.png
2025-10-30 12:35:31,230 - WARNING - Retry 2/3 for https://www.mdpi.com/biomedicines/biomedicines-10-02525/article_deploy/html/images/biomedicines-10-02525-g003.png: 403 Client Error: Forbidden for url: https://www.mdpi.com/biomedicines/biomedicines-10-02525/article_deploy/html/images/biomedicines-10-02525-g003.png
2025-10-30 12:35:36,059 - ERROR - Failed to download https://www.mdpi.com/biomedicines/biomedicines-10-02525/article_deploy/html/images/biomedicines-10-02525-g003.png after 3 attempts: 403 Client Error: Forbidden for url: https://www.mdpi.com/biomedicines/biomedicines-10-02525/article_deploy/html/images/biomedicines-10-02525-g003.png
2025-10-30 12:35:40,272 - WARNING - Retry 1/3 for https://www.mdpi.com/biomedicines/biomedicines-10-02525/article_deploy/html/images/biomedicines-10-02525-g003.png: 403 Client Error: Forbidden for url: https://www.mdpi.com/biomedicines/biomedicines-10-02525/article_deploy/html/images/biomedicines-10-02525-g003.png
