2025-10-30 00:08:30,775 - INFO - Starting Lung Granuloma Types Histopathology Image Scraper (3-5 images per type)
2025-10-30 00:08:30,775 - INFO - Created backup: /workspaces/Didactic_Series/lung_granuloma_scraper_2025-10-30_backup.py
2025-10-30 00:08:30,778 - INFO - Processing granuloma type: noncaseating_granulomas
2025-10-30 00:08:30,779 - INFO - Using 12 expanded queries for noncaseating_granulomas
2025-10-30 00:08:30,779 - INFO - Searching for: noncaseating granulomas lung histology H&E
2025-10-30 00:08:34,398 - INFO - Bing returned few results, trying Google as fallback
2025-10-30 00:08:37,413 - INFO - Found 0 histology images for query: noncaseating granulomas lung histology H&E
2025-10-30 00:08:40,165 - INFO - Searching for: noncaseating granulomas lung biopsy
2025-10-30 00:08:43,549 - INFO - Bing returned few results, trying Google as fallback
2025-10-30 00:08:47,650 - INFO - Found 0 histology images for query: noncaseating granulomas lung biopsy
2025-10-30 00:08:50,524 - INFO - Searching for: noncaseating granulomas lung pathology
2025-10-30 00:08:54,426 - INFO - Bing returned few results, trying Google as fallback
2025-10-30 00:08:58,402 - INFO - Found 0 histology images for query: noncaseating granulomas lung pathology
2025-10-30 00:09:02,330 - INFO - Searching for: noncaseating granulomas pulmonary histology
2025-10-30 00:09:06,295 - INFO - Found 2 histology images for query: noncaseating granulomas pulmonary histology
2025-10-30 00:09:08,770 - INFO - Searching for: noncaseating granulomas lung epithelioid cells
2025-10-30 00:09:11,800 - INFO - Bing returned few results, trying Google as fallback
2025-10-30 00:09:15,438 - INFO - Found 0 histology images for query: noncaseating granulomas lung epithelioid cells
2025-10-30 00:09:19,248 - INFO - Searching for: noncaseating granulomas lung giant cells
2025-10-30 00:09:22,246 - INFO - Bing returned few results, trying Google as fallback
2025-10-30 00:09:25,702 - INFO - Found 0 histology images for query: noncaseating granulomas lung giant cells
2025-10-30 00:09:27,737 - INFO - Searching for: noncaseating granulomas lung sarcoidosis
2025-10-30 00:09:30,461 - INFO - Bing returned few results, trying Google as fallback
2025-10-30 00:09:32,717 - INFO - Found 0 histology images for query: noncaseating granulomas lung sarcoidosis
2025-10-30 00:09:35,525 - INFO - Searching for: noncaseating granulomas lung beryllium disease
2025-10-30 00:09:39,543 - INFO - Bing returned few results, trying Google as fallback
2025-10-30 00:09:42,922 - INFO - Found 0 histology images for query: noncaseating granulomas lung beryllium disease
2025-10-30 00:09:46,127 - INFO - Searching for: noncaseating granulomas lung H&E stain
2025-10-30 00:09:50,157 - INFO - Found 5 histology images for query: noncaseating granulomas lung H&E stain
2025-10-30 00:09:52,588 - INFO - Searching for: noncaseating granulomas lung histopathology
2025-10-30 00:09:55,967 - INFO - Found 2 histology images for query: noncaseating granulomas lung histopathology
2025-10-30 00:09:59,419 - INFO - Searching for: noncaseating granulomas lung microscopic
2025-10-30 00:10:03,706 - INFO - Bing returned few results, trying Google as fallback
2025-10-30 00:10:07,600 - INFO - Found 1 histology images for query: noncaseating granulomas lung microscopic
2025-10-30 00:10:09,975 - INFO - Searching for: noncaseating granulomas lung tissue section
2025-10-30 00:10:13,567 - INFO - Bing returned few results, trying Google as fallback
2025-10-30 00:10:16,949 - INFO - Found 0 histology images for query: noncaseating granulomas lung tissue section
2025-10-30 00:10:34,630 - WARNING - Retry 1/3 for http://medsci.indiana.edu/c602web/602/c602web/602image/76_1.jpg: HTTPConnectionPool(host='medsci.indiana.edu', port=80): Max retries exceeded with url: /c602web/602/c602web/602image/76_1.jpg (Caused by ConnectTimeoutError(<urllib3.connection.HTTPConnection object at 0x7436a293b950>, 'Connection to medsci.indiana.edu timed out. (connect timeout=15)'))
2025-10-30 00:10:54,600 - WARNING - Retry 2/3 for http://medsci.indiana.edu/c602web/602/c602web/602image/76_1.jpg: HTTPConnectionPool(host='medsci.indiana.edu', port=80): Max retries exceeded with url: /c602web/602/c602web/602image/76_1.jpg (Caused by ConnectTimeoutError(<urllib3.connection.HTTPConnection object at 0x7436a2057ad0>, 'Connection to medsci.indiana.edu timed out. (connect timeout=15)'))
2025-10-30 00:11:14,120 - ERROR - Failed to download http://medsci.indiana.edu/c602web/602/c602web/602image/76_1.jpg after 3 attempts: HTTPConnectionPool(host='medsci.indiana.edu', port=80): Max retries exceeded with url: /c602web/602/c602web/602image/76_1.jpg (Caused by ConnectTimeoutError(<urllib3.connection.HTTPConnection object at 0x7436a1ba7a40>, 'Connection to medsci.indiana.edu timed out. (connect timeout=15)'))
2025-10-30 00:11:15,616 - INFO - Downloaded: noncaseating_granulomas_noncaseatinggranulomas_02.jpg
2025-10-30 00:11:17,626 - INFO - Downloaded: noncaseating_granulomas_noncaseatinggranulomas_03.jpg
2025-10-30 00:11:19,285 - INFO - Downloaded: noncaseating_granulomas_noncaseatinggranulomas_04.jpg
2025-10-30 00:11:19,285 - INFO - Reached minimum 3 images for noncaseating_granulomas
2025-10-30 00:11:21,998 - INFO - Downloaded: noncaseating_granulomas_noncaseatinggranulomas_05.jpg
2025-10-30 00:11:21,998 - INFO - Reached minimum 3 images for noncaseating_granulomas
2025-10-30 00:11:23,815 - INFO - Completed noncaseating_granulomas: 4 downloaded, 1 skipped, 0 duplicates, 0 blocked
2025-10-30 00:11:27,732 - INFO - Processing granuloma type: caseating_granulomas
2025-10-30 00:11:27,733 - INFO - Using 12 expanded queries for caseating_granulomas
2025-10-30 00:11:27,733 - INFO - Searching for: caseating granulomas lung histology H&E
2025-10-30 00:11:31,940 - INFO - Bing returned few results, trying Google as fallback
2025-10-30 00:11:34,737 - INFO - Found 0 histology images for query: caseating granulomas lung histology H&E
2025-10-30 00:11:36,921 - INFO - Searching for: caseating granulomas lung biopsy
2025-10-30 00:11:40,483 - INFO - Bing returned few results, trying Google as fallback
2025-10-30 00:11:44,407 - INFO - Found 0 histology images for query: caseating granulomas lung biopsy
2025-10-30 00:11:46,455 - INFO - Searching for: caseating granulomas lung pathology
2025-10-30 00:11:49,370 - INFO - Found 2 histology images for query: caseating granulomas lung pathology
2025-10-30 00:11:52,010 - INFO - Searching for: caseating granulomas pulmonary histology
2025-10-30 00:11:56,245 - INFO - Bing returned few results, trying Google as fallback
2025-10-30 00:12:00,888 - INFO - Found 1 histology images for query: caseating granulomas pulmonary histology
2025-10-30 00:12:03,543 - INFO - Searching for: caseating granulomas lung tuberculosis
2025-10-30 00:12:06,657 - INFO - Found 4 histology images for query: caseating granulomas lung tuberculosis
2025-10-30 00:12:08,940 - INFO - Searching for: caseating granulomas lung necrosis
2025-10-30 00:12:13,184 - INFO - Bing returned few results, trying Google as fallback
2025-10-30 00:12:17,701 - INFO - Found 0 histology images for query: caseating granulomas lung necrosis
2025-10-30 00:12:20,718 - INFO - Searching for: caseating granulomas lung AFB stain
2025-10-30 00:12:24,970 - INFO - Bing returned few results, trying Google as fallback
2025-10-30 00:12:29,245 - INFO - Found 0 histology images for query: caseating granulomas lung AFB stain
2025-10-30 00:12:32,931 - INFO - Searching for: caseating granulomas lung Ziehl-Neelsen
2025-10-30 00:12:36,797 - INFO - Bing returned few results, trying Google as fallback
2025-10-30 00:12:39,699 - INFO - Found 0 histology images for query: caseating granulomas lung Ziehl-Neelsen
2025-10-30 00:12:42,965 - INFO - Searching for: caseating granulomas lung histopathology
2025-10-30 00:12:45,502 - INFO - Found 2 histology images for query: caseating granulomas lung histopathology
2025-10-30 00:12:47,625 - INFO - Searching for: caseating granulomas lung tissue section
2025-10-30 00:12:51,561 - INFO - Bing returned few results, trying Google as fallback
2025-10-30 00:12:55,896 - INFO - Found 0 histology images for query: caseating granulomas lung tissue section
2025-10-30 00:12:59,819 - INFO - Searching for: caseating granulomas lung microscopic
2025-10-30 00:13:03,821 - INFO - Bing returned few results, trying Google as fallback
2025-10-30 00:13:07,452 - INFO - Found 0 histology images for query: caseating granulomas lung microscopic
2025-10-30 00:13:10,995 - INFO - Searching for: caseating granulomas lung central necrosis
2025-10-30 00:13:14,453 - INFO - Bing returned few results, trying Google as fallback
2025-10-30 00:13:18,070 - INFO - Found 1 histology images for query: caseating granulomas lung central necrosis
2025-10-30 00:13:36,694 - WARNING - Retry 1/3 for http://medsci.indiana.edu/c602web/602/c602web/602image/76_1.jpg: HTTPConnectionPool(host='medsci.indiana.edu', port=80): Max retries exceeded with url: /c602web/602/c602web/602image/76_1.jpg (Caused by ConnectTimeoutError(<urllib3.connection.HTTPConnection object at 0x7436a2d7aa50>, 'Connection to medsci.indiana.edu timed out. (connect timeout=15)'))
2025-10-30 00:13:54,745 - WARNING - Retry 2/3 for http://medsci.indiana.edu/c602web/602/c602web/602image/76_1.jpg: HTTPConnectionPool(host='medsci.indiana.edu', port=80): Max retries exceeded with url: /c602web/602/c602web/602image/76_1.jpg (Caused by ConnectTimeoutError(<urllib3.connection.HTTPConnection object at 0x7436a2711f70>, 'Connection to medsci.indiana.edu timed out. (connect timeout=15)'))
2025-10-30 00:14:14,754 - ERROR - Failed to download http://medsci.indiana.edu/c602web/602/c602web/602image/76_1.jpg after 3 attempts: HTTPConnectionPool(host='medsci.indiana.edu', port=80): Max retries exceeded with url: /c602web/602/c602web/602image/76_1.jpg (Caused by ConnectTimeoutError(<urllib3.connection.HTTPConnection object at 0x7436a2711f40>, 'Connection to medsci.indiana.edu timed out. (connect timeout=15)'))
2025-10-30 00:14:16,793 - INFO - Downloaded: caseating_granulomas_tb_04.jpg
2025-10-30 00:14:18,514 - INFO - Downloaded: caseating_granulomas_tb_05.jpg
2025-10-30 00:14:19,736 - INFO - Completed caseating_granulomas: 2 downloaded, 1 skipped, 0 duplicates, 0 blocked
2025-10-30 00:14:24,295 - INFO - Processing granuloma type: necrotizing_granulomas
2025-10-30 00:14:24,296 - INFO - Using 12 expanded queries for necrotizing_granulomas
2025-10-30 00:14:24,296 - INFO - Searching for: necrotizing granulomas lung histology H&E
2025-10-30 00:14:28,345 - INFO - Bing returned few results, trying Google as fallback
2025-10-30 00:14:32,336 - INFO - Found 0 histology images for query: necrotizing granulomas lung histology H&E
2025-10-30 00:14:36,082 - INFO - Searching for: necrotizing granulomas lung biopsy
2025-10-30 00:14:39,078 - INFO - Bing returned few results, trying Google as fallback
2025-10-30 00:14:41,945 - INFO - Found 0 histology images for query: necrotizing granulomas lung biopsy
2025-10-30 00:14:44,461 - INFO - Searching for: necrotizing granulomas lung pathology
2025-10-30 00:14:48,620 - INFO - Bing returned few results, trying Google as fallback
2025-10-30 00:14:52,835 - INFO - Found 0 histology images for query: necrotizing granulomas lung pathology
2025-10-30 00:14:55,599 - INFO - Searching for: necrotizing granulomas pulmonary histology
2025-10-30 00:14:58,380 - INFO - Bing returned few results, trying Google as fallback
2025-10-30 00:15:02,732 - INFO - Found 0 histology images for query: necrotizing granulomas pulmonary histology
2025-10-30 00:15:05,312 - INFO - Searching for: necrotizing granulomas lung GPA
2025-10-30 00:15:07,817 - INFO - Bing returned few results, trying Google as fallback
2025-10-30 00:15:11,011 - INFO - Found 0 histology images for query: necrotizing granulomas lung GPA
2025-10-30 00:15:14,205 - INFO - Searching for: necrotizing granulomas lung Wegener's
2025-10-30 00:15:16,687 - INFO - Bing returned few results, trying Google as fallback
2025-10-30 00:15:20,099 - INFO - Found 0 histology images for query: necrotizing granulomas lung Wegener's
2025-10-30 00:15:23,617 - INFO - Searching for: necrotizing granulomas lung vasculitis
2025-10-30 00:15:26,542 - INFO - Bing returned few results, trying Google as fallback
2025-10-30 00:15:29,808 - INFO - Found 0 histology images for query: necrotizing granulomas lung vasculitis
2025-10-30 00:15:33,346 - INFO - Searching for: necrotizing granulomas lung geographic necrosis
2025-10-30 00:15:35,627 - INFO - Bing returned few results, trying Google as fallback
2025-10-30 00:15:40,437 - INFO - Found 0 histology images for query: necrotizing granulomas lung geographic necrosis
2025-10-30 00:15:43,344 - INFO - Searching for: necrotizing granulomas lung histopathology
2025-10-30 00:15:46,609 - INFO - Bing returned few results, trying Google as fallback
2025-10-30 00:15:50,573 - INFO - Found 0 histology images for query: necrotizing granulomas lung histopathology
2025-10-30 00:15:52,898 - INFO - Searching for: necrotizing granulomas lung tissue section
2025-10-30 00:15:56,671 - INFO - Bing returned few results, trying Google as fallback
2025-10-30 00:16:00,383 - INFO - Found 0 histology images for query: necrotizing granulomas lung tissue section
2025-10-30 00:16:03,140 - INFO - Searching for: necrotizing granulomas lung microscopic
2025-10-30 00:16:07,236 - INFO - Bing returned few results, trying Google as fallback
2025-10-30 00:16:11,905 - INFO - Found 0 histology images for query: necrotizing granulomas lung microscopic
2025-10-30 00:16:15,018 - INFO - Searching for: necrotizing granulomas lung palisading
2025-10-30 00:16:18,833 - INFO - Bing returned few results, trying Google as fallback
2025-10-30 00:16:22,774 - INFO - Found 0 histology images for query: necrotizing granulomas lung palisading
2025-10-30 00:16:26,028 - INFO - Completed necrotizing_granulomas: 0 downloaded, 0 skipped, 0 duplicates, 0 blocked
2025-10-30 00:16:30,130 - INFO - Processing granuloma type: foreign_body_granulomas
2025-10-30 00:16:30,132 - INFO - Using 12 expanded queries for foreign_body_granulomas
2025-10-30 00:16:30,133 - INFO - Searching for: foreign body granulomas lung histology H&E
2025-10-30 00:16:32,571 - INFO - Bing returned few results, trying Google as fallback
2025-10-30 00:16:36,129 - INFO - Found 1 histology images for query: foreign body granulomas lung histology H&E
2025-10-30 00:16:39,501 - INFO - Searching for: foreign body granulomas lung biopsy
2025-10-30 00:16:43,469 - INFO - Found 3 histology images for query: foreign body granulomas lung biopsy
2025-10-30 00:16:45,656 - INFO - Searching for: foreign body granulomas lung pathology
2025-10-30 00:16:49,543 - INFO - Found 2 histology images for query: foreign body granulomas lung pathology
2025-10-30 00:16:52,833 - INFO - Searching for: foreign body granulomas pulmonary histology
2025-10-30 00:16:56,435 - INFO - Found 3 histology images for query: foreign body granulomas pulmonary histology
2025-10-30 00:16:59,307 - INFO - Searching for: foreign body granulomas lung giant cells
2025-10-30 00:17:02,767 - INFO - Bing returned few results, trying Google as fallback
2025-10-30 00:17:06,599 - INFO - Found 0 histology images for query: foreign body granulomas lung giant cells
2025-10-30 00:17:09,381 - INFO - Searching for: foreign body granulomas lung polarizable material
2025-10-30 00:17:12,708 - INFO - Bing returned few results, trying Google as fallback
2025-10-30 00:17:16,152 - INFO - Found 1 histology images for query: foreign body granulomas lung polarizable material
2025-10-30 00:17:19,406 - INFO - Searching for: foreign body granulomas lung aspiration
2025-10-30 00:17:22,529 - INFO - Bing returned few results, trying Google as fallback
2025-10-30 00:17:25,526 - INFO - Found 0 histology images for query: foreign body granulomas lung aspiration
2025-10-30 00:17:28,225 - INFO - Searching for: foreign body granulomas lung inhaled material
2025-10-30 00:17:31,155 - INFO - Bing returned few results, trying Google as fallback
2025-10-30 00:17:35,121 - INFO - Found 0 histology images for query: foreign body granulomas lung inhaled material
2025-10-30 00:17:37,619 - INFO - Searching for: foreign body granulomas lung histopathology
2025-10-30 00:17:41,640 - INFO - Found 5 histology images for query: foreign body granulomas lung histopathology
2025-10-30 00:17:44,433 - INFO - Searching for: foreign body granulomas lung tissue section
2025-10-30 00:17:48,502 - INFO - Bing returned few results, trying Google as fallback
2025-10-30 00:17:53,015 - INFO - Found 1 histology images for query: foreign body granulomas lung tissue section
2025-10-30 00:17:56,909 - INFO - Searching for: foreign body granulomas lung microscopic
2025-10-30 00:18:00,839 - INFO - Found 5 histology images for query: foreign body granulomas lung microscopic
2025-10-30 00:18:02,897 - INFO - Searching for: foreign body granulomas lung polarized light
2025-10-30 00:18:06,115 - INFO - Found 2 histology images for query: foreign body granulomas lung polarized light
2025-10-30 00:18:08,831 - INFO - Downloaded: foreign_body_granulomas_foreignbodygranulomas_01.jpg
2025-10-30 00:18:10,672 - INFO - Downloaded: foreign_body_granulomas_foreignbodygranulomas_02.jpg
2025-10-30 00:18:12,133 - INFO - Downloaded: foreign_body_granulomas_foreignbodygranulomas_03.jpg
2025-10-30 00:18:12,133 - INFO - Reached minimum 3 images for foreign_body_granulomas
2025-10-30 00:18:13,960 - INFO - Downloaded: foreign_body_granulomas_foreignbodygranulomas_04.jpg
2025-10-30 00:18:13,960 - INFO - Reached minimum 3 images for foreign_body_granulomas
2025-10-30 00:18:15,288 - INFO - Downloaded: foreign_body_granulomas_foreignbodygranulomas_05.jpg
2025-10-30 00:18:15,288 - INFO - Reached minimum 3 images for foreign_body_granulomas
2025-10-30 00:18:16,958 - INFO - Completed foreign_body_granulomas: 5 downloaded, 0 skipped, 0 duplicates, 0 blocked
2025-10-30 00:18:21,394 - INFO - Processing granuloma type: infectious_granulomas
2025-10-30 00:18:21,395 - INFO - Using 12 expanded queries for infectious_granulomas
2025-10-30 00:18:21,395 - INFO - Searching for: infectious granulomas lung histology H&E
2025-10-30 00:18:24,453 - INFO - Bing returned few results, trying Google as fallback
2025-10-30 00:18:29,000 - INFO - Found 0 histology images for query: infectious granulomas lung histology H&E
2025-10-30 00:18:31,819 - INFO - Searching for: infectious granulomas lung biopsy
2025-10-30 00:18:34,338 - INFO - Bing returned few results, trying Google as fallback
2025-10-30 00:18:37,327 - INFO - Found 0 histology images for query: infectious granulomas lung biopsy
2025-10-30 00:18:41,195 - INFO - Searching for: infectious granulomas lung pathology
2025-10-30 00:18:43,726 - INFO - Bing returned few results, trying Google as fallback
2025-10-30 00:18:46,544 - INFO - Found 0 histology images for query: infectious granulomas lung pathology
2025-10-30 00:18:48,825 - INFO - Searching for: infectious granulomas pulmonary histology
2025-10-30 00:18:52,644 - INFO - Bing returned few results, trying Google as fallback
2025-10-30 00:18:55,885 - INFO - Found 0 histology images for query: infectious granulomas pulmonary histology
2025-10-30 00:18:58,379 - INFO - Searching for: infectious granulomas lung fungal
2025-10-30 00:19:01,463 - INFO - Bing returned few results, trying Google as fallback
2025-10-30 00:19:05,292 - INFO - Found 0 histology images for query: infectious granulomas lung fungal
2025-10-30 00:19:08,472 - INFO - Searching for: infectious granulomas lung mycobacterial
2025-10-30 00:19:12,000 - INFO - Bing returned few results, trying Google as fallback
2025-10-30 00:19:14,415 - INFO - Found 0 histology images for query: infectious granulomas lung mycobacterial
2025-10-30 00:19:18,206 - INFO - Searching for: infectious granulomas lung histoplasmosis
2025-10-30 00:19:21,418 - INFO - Bing returned few results, trying Google as fallback
2025-10-30 00:19:25,435 - INFO - Found 0 histology images for query: infectious granulomas lung histoplasmosis
2025-10-30 00:19:27,797 - INFO - Searching for: infectious granulomas lung blastomycosis
2025-10-30 00:19:30,889 - INFO - Bing returned few results, trying Google as fallback
2025-10-30 00:19:35,568 - INFO - Found 0 histology images for query: infectious granulomas lung blastomycosis
2025-10-30 00:19:37,772 - INFO - Searching for: infectious granulomas lung coccidioidomycosis
2025-10-30 00:19:40,603 - INFO - Bing returned few results, trying Google as fallback
2025-10-30 00:19:44,569 - INFO - Found 0 histology images for query: infectious granulomas lung coccidioidomycosis
2025-10-30 00:19:48,043 - INFO - Searching for: infectious granulomas lung cryptococcosis
2025-10-30 00:19:51,996 - INFO - Bing returned few results, trying Google as fallback
2025-10-30 00:19:55,014 - INFO - Found 0 histology images for query: infectious granulomas lung cryptococcosis
2025-10-30 00:19:58,945 - INFO - Searching for: infectious granulomas lung special stains
2025-10-30 00:20:02,822 - INFO - Bing returned few results, trying Google as fallback
2025-10-30 00:20:06,262 - INFO - Found 0 histology images for query: infectious granulomas lung special stains
2025-10-30 00:20:08,666 - INFO - Searching for: infectious granulomas lung GMS stain
2025-10-30 00:20:11,876 - INFO - Bing returned few results, trying Google as fallback
2025-10-30 00:20:14,592 - INFO - Found 0 histology images for query: infectious granulomas lung GMS stain
2025-10-30 00:20:17,251 - INFO - Completed infectious_granulomas: 0 downloaded, 0 skipped, 0 duplicates, 0 blocked
2025-10-30 00:20:21,080 - INFO - Processing granuloma type: immune_granulomas
2025-10-30 00:20:21,081 - INFO - Using 12 expanded queries for immune_granulomas
2025-10-30 00:20:21,081 - INFO - Searching for: immune granulomas lung histology H&E
2025-10-30 00:20:23,963 - INFO - Bing returned few results, trying Google as fallback
2025-10-30 00:20:27,349 - INFO - Found 0 histology images for query: immune granulomas lung histology H&E
2025-10-30 00:20:30,183 - INFO - Searching for: immune granulomas lung biopsy
2025-10-30 00:20:33,709 - INFO - Bing returned few results, trying Google as fallback
2025-10-30 00:20:37,127 - INFO - Found 0 histology images for query: immune granulomas lung biopsy
2025-10-30 00:20:39,564 - INFO - Searching for: immune granulomas lung pathology
2025-10-30 00:20:42,648 - INFO - Bing returned few results, trying Google as fallback
2025-10-30 00:20:46,132 - INFO - Found 0 histology images for query: immune granulomas lung pathology
2025-10-30 00:20:49,025 - INFO - Searching for: immune granulomas pulmonary histology
2025-10-30 00:20:52,287 - INFO - Bing returned few results, trying Google as fallback
2025-10-30 00:20:55,906 - INFO - Found 0 histology images for query: immune granulomas pulmonary histology
2025-10-30 00:20:58,466 - INFO - Searching for: immune granulomas lung hypersensitivity
2025-10-30 00:21:01,847 - INFO - Bing returned few results, trying Google as fallback
2025-10-30 00:21:05,269 - INFO - Found 0 histology images for query: immune granulomas lung hypersensitivity
2025-10-30 00:21:08,112 - INFO - Searching for: immune granulomas lung pneumonitis
2025-10-30 00:21:11,022 - INFO - Bing returned few results, trying Google as fallback
2025-10-30 00:21:15,462 - INFO - Found 0 histology images for query: immune granulomas lung pneumonitis
2025-10-30 00:21:18,861 - INFO - Searching for: immune granulomas lung sarcoidosis
2025-10-30 00:21:22,066 - INFO - Bing returned few results, trying Google as fallback
2025-10-30 00:21:26,968 - INFO - Found 0 histology images for query: immune granulomas lung sarcoidosis
2025-10-30 00:21:29,050 - INFO - Searching for: immune granulomas lung berylliosis
2025-10-30 00:21:31,947 - INFO - Bing returned few results, trying Google as fallback
2025-10-30 00:21:35,745 - INFO - Found 0 histology images for query: immune granulomas lung berylliosis
2025-10-30 00:21:39,619 - INFO - Searching for: immune granulomas lung chronic beryllium disease
2025-10-30 00:21:42,041 - INFO - Bing returned few results, trying Google as fallback
2025-10-30 00:21:45,403 - INFO - Found 0 histology images for query: immune granulomas lung chronic beryllium disease
2025-10-30 00:21:49,177 - INFO - Searching for: immune granulomas lung histopathology
2025-10-30 00:21:51,551 - INFO - Bing returned few results, trying Google as fallback
2025-10-30 00:21:54,845 - INFO - Found 0 histology images for query: immune granulomas lung histopathology
2025-10-30 00:21:57,891 - INFO - Searching for: immune granulomas lung tissue section
2025-10-30 00:22:00,510 - INFO - Bing returned few results, trying Google as fallback
2025-10-30 00:22:03,422 - INFO - Found 0 histology images for query: immune granulomas lung tissue section
2025-10-30 00:22:05,472 - INFO - Searching for: immune granulomas lung microscopic
2025-10-30 00:22:08,115 - INFO - Bing returned few results, trying Google as fallback
2025-10-30 00:22:11,042 - INFO - Found 0 histology images for query: immune granulomas lung microscopic
2025-10-30 00:22:14,908 - INFO - Completed immune_granulomas: 0 downloaded, 0 skipped, 0 duplicates, 0 blocked
2025-10-30 00:22:19,287 - INFO - Processing granuloma type: calcified_granulomas
2025-10-30 00:22:19,289 - INFO - Using 12 expanded queries for calcified_granulomas
2025-10-30 00:22:19,289 - INFO - Searching for: calcified granulomas lung histology H&E
2025-10-30 00:22:22,234 - INFO - Bing returned few results, trying Google as fallback
2025-10-30 00:22:25,965 - INFO - Found 0 histology images for query: calcified granulomas lung histology H&E
2025-10-30 00:22:28,910 - INFO - Searching for: calcified granulomas lung biopsy
2025-10-30 00:22:32,002 - INFO - Bing returned few results, trying Google as fallback
2025-10-30 00:22:35,090 - INFO - Found 0 histology images for query: calcified granulomas lung biopsy
2025-10-30 00:22:38,386 - INFO - Searching for: calcified granulomas lung pathology
2025-10-30 00:22:41,476 - INFO - Bing returned few results, trying Google as fallback
2025-10-30 00:22:45,847 - INFO - Found 0 histology images for query: calcified granulomas lung pathology
2025-10-30 00:22:48,078 - INFO - Searching for: calcified granulomas pulmonary histology
2025-10-30 00:22:51,590 - INFO - Bing returned few results, trying Google as fallback
2025-10-30 00:22:54,751 - INFO - Found 0 histology images for query: calcified granulomas pulmonary histology
2025-10-30 00:22:58,422 - INFO - Searching for: calcified granulomas lung healed TB
2025-10-30 00:23:01,620 - INFO - Bing returned few results, trying Google as fallback
2025-10-30 00:23:05,510 - INFO - Found 0 histology images for query: calcified granulomas lung healed TB
2025-10-30 00:23:08,775 - INFO - Searching for: calcified granulomas lung old histoplasmosis
2025-10-30 00:23:11,986 - INFO - Bing returned few results, trying Google as fallback
2025-10-30 00:23:16,363 - INFO - Found 0 histology images for query: calcified granulomas lung old histoplasmosis
2025-10-30 00:23:18,807 - INFO - Searching for: calcified granulomas lung dystrophic calcification
2025-10-30 00:23:21,538 - INFO - Bing returned few results, trying Google as fallback
2025-10-30 00:23:24,360 - INFO - Found 0 histology images for query: calcified granulomas lung dystrophic calcification
2025-10-30 00:23:27,355 - INFO - Searching for: calcified granulomas lung histopathology
2025-10-30 00:23:30,551 - INFO - Bing returned few results, trying Google as fallback
2025-10-30 00:23:34,346 - INFO - Found 0 histology images for query: calcified granulomas lung histopathology
2025-10-30 00:23:37,037 - INFO - Searching for: calcified granulomas lung tissue section
2025-10-30 00:23:40,762 - INFO - Bing returned few results, trying Google as fallback
2025-10-30 00:23:45,604 - INFO - Found 0 histology images for query: calcified granulomas lung tissue section
2025-10-30 00:23:49,271 - INFO - Searching for: calcified granulomas lung microscopic
2025-10-30 00:23:53,228 - INFO - Bing returned few results, trying Google as fallback
2025-10-30 00:23:55,939 - INFO - Found 0 histology images for query: calcified granulomas lung microscopic
2025-10-30 00:23:58,218 - INFO - Searching for: calcified granulomas lung calcium deposits
2025-10-30 00:24:00,786 - INFO - Bing returned few results, trying Google as fallback
2025-10-30 00:24:04,629 - INFO - Found 0 histology images for query: calcified granulomas lung calcium deposits
2025-10-30 00:24:07,297 - INFO - Searching for: calcified granulomas lung von Kossa stain
2025-10-30 00:24:10,539 - INFO - Bing returned few results, trying Google as fallback
2025-10-30 00:24:13,594 - INFO - Found 0 histology images for query: calcified granulomas lung von Kossa stain
2025-10-30 00:24:17,588 - INFO - Completed calcified_granulomas: 0 downloaded, 0 skipped, 0 duplicates, 0 blocked
2025-10-30 00:24:20,791 - INFO - Processing granuloma type: silicotic_granulomas
2025-10-30 00:24:20,793 - INFO - Using 12 expanded queries for silicotic_granulomas
2025-10-30 00:24:20,793 - INFO - Searching for: silicotic granulomas lung histology H&E
2025-10-30 00:24:24,668 - INFO - Bing returned few results, trying Google as fallback
2025-10-30 00:24:28,577 - INFO - Found 0 histology images for query: silicotic granulomas lung histology H&E
2025-10-30 00:24:31,395 - INFO - Searching for: silicotic granulomas lung biopsy
2025-10-30 00:24:34,067 - INFO - Bing returned few results, trying Google as fallback
2025-10-30 00:24:37,359 - INFO - Found 1 histology images for query: silicotic granulomas lung biopsy
2025-10-30 00:24:40,763 - INFO - Searching for: silicotic granulomas lung pathology
2025-10-30 00:24:43,575 - INFO - Bing returned few results, trying Google as fallback
2025-10-30 00:24:47,908 - INFO - Found 0 histology images for query: silicotic granulomas lung pathology
2025-10-30 00:24:51,287 - INFO - Searching for: silicotic granulomas pulmonary histology
2025-10-30 00:24:54,865 - INFO - Bing returned few results, trying Google as fallback
2025-10-30 00:24:57,720 - INFO - Found 0 histology images for query: silicotic granulomas pulmonary histology
2025-10-30 00:25:01,688 - INFO - Searching for: silicotic granulomas lung silica exposure
2025-10-30 00:25:05,864 - INFO - Bing returned few results, trying Google as fallback
2025-10-30 00:25:08,690 - INFO - Found 0 histology images for query: silicotic granulomas lung silica exposure
2025-10-30 00:25:11,318 - INFO - Searching for: silicotic granulomas lung hard metal
2025-10-30 00:25:14,896 - INFO - Bing returned few results, trying Google as fallback
2025-10-30 00:25:18,430 - INFO - Found 0 histology images for query: silicotic granulomas lung hard metal
2025-10-30 00:25:22,022 - INFO - Searching for: silicotic granulomas lung polarizable crystals
2025-10-30 00:25:24,923 - INFO - Bing returned few results, trying Google as fallback
2025-10-30 00:25:28,658 - INFO - Found 0 histology images for query: silicotic granulomas lung polarizable crystals
2025-10-30 00:25:31,583 - INFO - Searching for: silicotic granulomas lung concentric fibrosis
2025-10-30 00:25:34,802 - INFO - Bing returned few results, trying Google as fallback
2025-10-30 00:25:37,978 - INFO - Found 0 histology images for query: silicotic granulomas lung concentric fibrosis
2025-10-30 00:25:40,007 - INFO - Searching for: silicotic granulomas lung histopathology
2025-10-30 00:25:43,437 - INFO - Bing returned few results, trying Google as fallback
2025-10-30 00:25:47,841 - INFO - Found 0 histology images for query: silicotic granulomas lung histopathology
2025-10-30 00:25:49,948 - INFO - Searching for: silicotic granulomas lung tissue section
2025-10-30 00:25:53,978 - INFO - Bing returned few results, trying Google as fallback
2025-10-30 00:25:57,686 - INFO - Found 0 histology images for query: silicotic granulomas lung tissue section
2025-10-30 00:26:00,725 - INFO - Searching for: silicotic granulomas lung microscopic
2025-10-30 00:26:05,154 - INFO - Bing returned few results, trying Google as fallback
2025-10-30 00:26:09,160 - INFO - Found 0 histology images for query: silicotic granulomas lung microscopic
2025-10-30 00:26:12,400 - INFO - Searching for: silicotic granulomas lung birefringent particles
2025-10-30 00:26:16,291 - INFO - Bing returned few results, trying Google as fallback
2025-10-30 00:26:19,624 - INFO - Found 0 histology images for query: silicotic granulomas lung birefringent particles
2025-10-30 00:26:24,099 - INFO - Downloaded: silicotic_granulomas_silicoticgranulomas_01.jpg
2025-10-30 00:26:25,110 - INFO - Completed silicotic_granulomas: 1 downloaded, 0 skipped, 0 duplicates, 0 blocked
2025-10-30 00:26:28,345 - INFO - Scraping complete: 12 downloaded, 2 skipped, 0 duplicates, 0 blocked
2025-10-30 00:26:28,345 - INFO - Images saved to: /workspaces/Didactic_Series/src/assets/images/granulomas
2025-10-30 00:26:28,345 - INFO - Citations saved to: /workspaces/Didactic_Series/src/assets/images/granulomas/image_sources.json
